2025-02-17 21:02:43,716 - \U0001f695 Trayecto iniciado.
2025-02-17 21:02:46,609 - \u27a1\ufe0f Cambio de estado: en movimiento (2.88 segundos) - Tarifa acumulada: 0.06€
2025-02-17 21:02:54,432 - \u27a1\ufe0f Cambio de estado: detenido (7.82 segundos) - Tarifa acumulada: 0.45€
2025-02-17 21:03:03,238 - \U0001f3c1 Trayecto finalizado. Tarifa total: 0.45€
2025-02-17 21:03:21,096 - \u2139\ufe0f Historial consultado: 1 trayectos registrados.
2025-02-17 21:03:27,595 - \u2139\ufe0f Historial consultado: 1 trayectos registrados.
2025-02-17 21:03:36,404 - \U0001f695 Trayecto iniciado.
2025-02-17 21:03:39,432 - \u27a1\ufe0f Cambio de estado: detenido (3.03 segundos) - Tarifa acumulada: 0.06€
2025-02-17 21:03:42,356 - \u27a1\ufe0f Cambio de estado: en movimiento (2.92 segundos) - Tarifa acumulada: 0.12€
2025-02-17 21:03:45,713 - \u27a1\ufe0f Cambio de estado: en movimiento (3.36 segundos) - Tarifa acumulada: 0.29€
2025-02-17 21:03:52,011 - \u27a1\ufe0f Cambio de estado: detenido (6.30 segundos) - Tarifa acumulada: 0.60€
2025-02-17 21:03:57,872 - \u27a1\ufe0f Cambio de estado: en movimiento (5.86 segundos) - Tarifa acumulada: 0.72€
2025-02-17 21:04:02,986 - \u27a1\ufe0f Cambio de estado: en movimiento (5.11 segundos) - Tarifa acumulada: 0.97€
2025-02-17 21:04:07,828 - \u27a1\ufe0f Cambio de estado: en movimiento (4.84 segundos) - Tarifa acumulada: 1.22€
2025-02-17 21:04:10,258 - \u27a1\ufe0f Cambio de estado: detenido (2.43 segundos) - Tarifa acumulada: 1.34€
2025-02-17 21:04:15,035 - \U0001f3c1 Trayecto finalizado. Tarifa total: 1.34€
2025-02-17 21:04:21,107 - \u2139\ufe0f Historial consultado: 2 trayectos registrados.
2025-02-17 21:04:21,107 - \u2139\ufe0f Historial consultado: 2 trayectos registrados.
2025-02-17 22:38:50,915 - \u2139\ufe0f Historial consultado: No hay trayectos registrados.
2025-02-17 22:38:54,306 - \U0001f695 Trayecto iniciado.
2025-02-17 22:38:59,409 - \u27a1\ufe0f Cambio de estado: en movimiento (5.10 segundos) - Tarifa acumulada: 0.10€
2025-02-17 22:39:07,296 - \u27a1\ufe0f Cambio de estado: detenido (7.89 segundos) - Tarifa acumulada: 0.50€
2025-02-17 22:39:14,381 - \u27a1\ufe0f Cambio de estado: detenido (7.08 segundos) - Tarifa acumulada: 0.64€
2025-02-17 22:39:19,591 - \u27a1\ufe0f Cambio de estado: en movimiento (5.21 segundos) - Tarifa acumulada: 0.74€
2025-02-17 22:39:28,693 - \u27a1\ufe0f Cambio de estado: en movimiento (9.10 segundos) - Tarifa acumulada: 1.20€
2025-02-17 22:39:31,286 - \u27a1\ufe0f Cambio de estado: en movimiento (2.59 segundos) - Tarifa acumulada: 1.33€
2025-02-17 22:39:37,681 - \u27a1\ufe0f Cambio de estado: en movimiento (6.39 segundos) - Tarifa acumulada: 1.65€
2025-02-17 22:39:45,695 - \U0001f3c1 Trayecto finalizado. Tarifa total: 1.65€
2025-02-17 22:40:01,582 - \u2139\ufe0f Historial consultado: 1 trayectos registrados.
2025-02-17 22:45:34,165 - \U0001f695 Trayecto iniciado.
2025-02-17 22:45:40,530 - \u27a1\ufe0f Cambio de estado: en movimiento (6.36 segundos) - Tarifa acumulada: 0.13€
2025-02-17 22:45:52,107 - \u27a1\ufe0f Cambio de estado: detenido (11.58 segundos) - Tarifa acumulada: 0.71€
2025-02-17 22:45:59,265 - \u27a1\ufe0f Cambio de estado: en movimiento (7.16 segundos) - Tarifa acumulada: 0.85€
2025-02-17 22:46:08,134 - \u27a1\ufe0f Cambio de estado: en movimiento (8.87 segundos) - Tarifa acumulada: 1.29€
2025-02-17 22:46:11,463 - \u27a1\ufe0f Cambio de estado: detenido (3.33 segundos) - Tarifa acumulada: 1.46€
2025-02-17 22:46:17,266 - \U0001f3c1 Trayecto finalizado. Tarifa total: 1.46€
